0 info it worked if it ends with ok
1 verbose cli [ '/home/ninja/n/bin/node',
1 verbose cli   '/home/ninja/n/bin/npm',
1 verbose cli   'publish',
1 verbose cli   '--access',
1 verbose cli   'public' ]
2 info using npm@3.10.10
3 info using node@v6.11.2
4 verbose publish [ '.' ]
5 silly cache add args [ '.', null ]
6 verbose cache add spec .
7 silly cache add parsed spec Result {
7 silly cache add   raw: '.',
7 silly cache add   scope: null,
7 silly cache add   escapedName: null,
7 silly cache add   name: null,
7 silly cache add   rawSpec: '.',
7 silly cache add   spec: '/home/ninja/work/projects/guru/express',
7 silly cache add   type: 'directory' }
8 verbose addLocalDirectory /home/ninja/.npm/@graphql-guru/express-server/0.0.5/package.tgz not in flight; packing
9 verbose correctMkdir /home/ninja/.npm correctMkdir not in flight; initializing
10 info lifecycle @graphql-guru/express-server@0.0.5~prepublish: @graphql-guru/express-server@0.0.5
11 silly lifecycle @graphql-guru/express-server@0.0.5~prepublish: no script for prepublish, continuing
12 verbose tar pack [ '/home/ninja/.npm/@graphql-guru/express-server/0.0.5/package.tgz',
12 verbose tar pack   '/home/ninja/work/projects/guru/express' ]
13 verbose tarball /home/ninja/.npm/@graphql-guru/express-server/0.0.5/package.tgz
14 verbose folder /home/ninja/work/projects/guru/express
15 verbose addLocalTarball adding from inside cache /home/ninja/.npm/@graphql-guru/express-server/0.0.5/package.tgz
16 verbose correctMkdir /home/ninja/.npm correctMkdir not in flight; initializing
17 silly cache afterAdd @graphql-guru/express-server@0.0.5
18 verbose afterAdd /home/ninja/.npm/@graphql-guru/express-server/0.0.5/package/package.json not in flight; writing
19 verbose correctMkdir /home/ninja/.npm correctMkdir not in flight; initializing
20 verbose afterAdd /home/ninja/.npm/@graphql-guru/express-server/0.0.5/package/package.json written
21 silly publish { name: '@graphql-guru/express-server',
21 silly publish   version: '0.0.5',
21 silly publish   description: 'Guru GraphQL Express server built on top of Apollo server',
21 silly publish   main: 'dist/server.js',
21 silly publish   scripts:
21 silly publish    { build: 'node ./node_modules/@graphql-guru/babel-tasks/tasks.js',
21 silly publish      watch: 'npm run build -- -w',
21 silly publish      lint: 'eslint --quiet \'./src\' || true',
21 silly publish      test: 'ava --fail-fast server/__tests__',
21 silly publish      'test:spec': 'ava server/__tests__ -v',
21 silly publish      'test:watch': 'watch \'npm run test\' ./server' },
21 silly publish   keywords:
21 silly publish    [ 'loaders',
21 silly publish      'schemas',
21 silly publish      'resolvers',
21 silly publish      'middleware',
21 silly publish      'graphql',
21 silly publish      'guru',
21 silly publish      'graphql-guru',
21 silly publish      'graphql.guru',
21 silly publish      'express',
21 silly publish      'nodejs' ],
21 silly publish   dependencies:
21 silly publish    { '@graphql-guru/babel-tasks': '^1.0.0',
21 silly publish      '@graphql-guru/loader': '^1.0.2',
21 silly publish      'base64-lite': '^1.0.3',
21 silly publish      'body-parser': '^1.17.1',
21 silly publish      compression: '^1.6.2',
21 silly publish      'cookie-parser': '^1.4.3',
21 silly publish      cors: '^2.8.3',
21 silly publish      csurf: '^1.9.0',
21 silly publish      cuid: '^1.3.8',
21 silly publish      dataloader: '^1.3.0',
21 silly publish      deepmerge: '^1.3.2',
21 silly publish      express: '^4.15.2',
21 silly publish      'express-handlebars': '^3.0.0',
21 silly publish      'get-env': '^0.5.10',
21 silly publish      'gql-merge': '^0.0.6',
21 silly publish      graphql: '^0.10.5',
21 silly publish      'graphql-server-express': '^1.0.5',
21 silly publish      'graphql-tools': '^1.1.0',
21 silly publish      helmet: '^3.6.0',
21 silly publish      lowdb: '^0.16.2',
21 silly publish      'method-override': '^2.3.8',
21 silly publish      morgan: '^1.8.1',
21 silly publish      uuid: '^3.0.1',
21 silly publish      winston: '^2.3.1' },
21 silly publish   peerDependencies: { graphql: '^0.8.0 || ^0.9.0 || ^0.10.0' },
21 silly publish   devDependencies:
21 silly publish    { '@graphql-guru/babel-tasks': '^1.0.0',
21 silly publish      ava: '^0.21.0',
21 silly publish      'babel-cli': '^6.24.1',
21 silly publish      'babel-eslint': '^7.2.2',
21 silly publish      'babel-plugin-transform-async-to-generator': '^6.24.1',
21 silly publish      'babel-polyfill': '^6.23.0',
21 silly publish      'babel-preset-es2015': '^6.24.1',
21 silly publish      'babel-preset-stage-3': '^6.24.1',
21 silly publish      'eslint-config-standard': '^10.2.1',
21 silly publish      'eslint-plugin-graphql': '^1.3.0',
21 silly publish      'eslint-plugin-import': '^2.2.0',
21 silly publish      'eslint-plugin-promise': '^3.5.0',
21 silly publish      'eslint-plugin-standard': '^3.0.1',
21 silly publish      jsome: '^2.3.26',
21 silly publish      sinon: '^3.0.0',
21 silly publish      'source-map-support': '^0.4.14',
21 silly publish      'tap-difflet': '^0.7.0',
21 silly publish      'tap-min': '^1.2.1',
21 silly publish      watch: '^1.0.2' },
21 silly publish   repository:
21 silly publish    { type: 'git',
21 silly publish      url: 'git+https://github.com/otissv/guru-express-server.git' },
21 silly publish   author: { name: 'Otis Virginie' },
21 silly publish   license: 'MIT',
21 silly publish   bugs: { url: 'https://github.com/otissv/guru-express-server/issues' },
21 silly publish   homepage: 'https://github.com/otissv/guru-express-server#readme',
21 silly publish   readme: '# Guru Express Server\n\nExpress Graphql server for Guru.  \n\nGuru Server is to address the pain points with a Node GraphQl server.\n\n## Features\n- GraphQL schema language first philosophy\n- Uses GraphqQL and Express, so nothing new to learn.\n- Modulizing and splitting schema and resolvers.\n- Dynamically builds connectors from resolvers.\n- Dynamic importing of schema and resolvers modules. No more imports.\n- Multiple database clients support.\n- White listing queries.\n- Query batching.\n- GraphQL Ide\n\n## Usage\n```npm install @graphql-guru/express-server```\n\n\n```\nimport graphQLExpress from "@graphql-guru/express-server";\n\ngraphQLExpress();\n```\n\n\n## License\nMIT\n\n',
21 silly publish   readmeFilename: 'README.md',
21 silly publish   gitHead: '277c09c7d675656709c38610db05c446cdd9f478',
21 silly publish   _id: '@graphql-guru/express-server@0.0.5',
21 silly publish   _shasum: 'f63608685d6bb3ebfeb53557c12bd914c0274908',
21 silly publish   _from: '.' }
22 verbose getPublishConfig undefined
23 silly mapToRegistry name @graphql-guru/express-server
24 silly mapToRegistry scope (from package name) @graphql-guru
25 verbose mapToRegistry no registry URL found in name for scope @graphql-guru
26 silly mapToRegistry using default registry
27 silly mapToRegistry registry https://registry.npmjs.org/
28 silly mapToRegistry data Result {
28 silly mapToRegistry   raw: '@graphql-guru/express-server',
28 silly mapToRegistry   scope: '@graphql-guru',
28 silly mapToRegistry   escapedName: '@graphql-guru%2fexpress-server',
28 silly mapToRegistry   name: '@graphql-guru/express-server',
28 silly mapToRegistry   rawSpec: '',
28 silly mapToRegistry   spec: 'latest',
28 silly mapToRegistry   type: 'tag' }
29 silly mapToRegistry uri https://registry.npmjs.org/@graphql-guru%2fexpress-server
30 verbose publish registryBase https://registry.npmjs.org/
31 silly publish uploading /home/ninja/.npm/@graphql-guru/express-server/0.0.5/package.tgz
32 verbose request uri https://registry.npmjs.org/@graphql-guru%2fexpress-server
33 verbose request sending authorization for write operation
34 info attempt registry request try #1 at 9:31:46 PM
35 verbose request using bearer token for auth
36 verbose request id 9033e7e5b0655ce5
37 http request PUT https://registry.npmjs.org/@graphql-guru%2fexpress-server
38 http 403 https://registry.npmjs.org/@graphql-guru%2fexpress-server
39 verbose headers { 'content-type': 'application/json',
39 verbose headers   'cache-control': 'max-age=0',
39 verbose headers   'content-length': '95',
39 verbose headers   'accept-ranges': 'bytes',
39 verbose headers   date: 'Thu, 03 Aug 2017 19:31:49 GMT',
39 verbose headers   via: '1.1 varnish',
39 verbose headers   connection: 'keep-alive',
39 verbose headers   'x-served-by': 'cache-hhn1536-HHN',
39 verbose headers   'x-cache': 'MISS',
39 verbose headers   'x-cache-hits': '0',
39 verbose headers   'x-timer': 'S1501788707.502257,VS0,VE2552' }
40 verbose request invalidating /home/ninja/.npm/registry.npmjs.org/_40graphql-guru_252fexpress-server on PUT
41 error publish Failed PUT 403
42 verbose stack Error: "You cannot publish over the previously published version 0.0.5." : @graphql-guru/express-server
42 verbose stack     at makeError (/home/ninja/n/lib/node_modules/npm/node_modules/npm-registry-client/lib/request.js:302:12)
42 verbose stack     at CachingRegistryClient.<anonymous> (/home/ninja/n/lib/node_modules/npm/node_modules/npm-registry-client/lib/request.js:290:14)
42 verbose stack     at Request._callback (/home/ninja/n/lib/node_modules/npm/node_modules/npm-registry-client/lib/request.js:210:14)
42 verbose stack     at Request.self.callback (/home/ninja/n/lib/node_modules/npm/node_modules/request/request.js:187:22)
42 verbose stack     at emitTwo (events.js:106:13)
42 verbose stack     at Request.emit (events.js:191:7)
42 verbose stack     at Request.<anonymous> (/home/ninja/n/lib/node_modules/npm/node_modules/request/request.js:1048:10)
42 verbose stack     at emitOne (events.js:96:13)
42 verbose stack     at Request.emit (events.js:188:7)
42 verbose stack     at IncomingMessage.<anonymous> (/home/ninja/n/lib/node_modules/npm/node_modules/request/request.js:969:12)
43 verbose statusCode 403
44 verbose pkgid @graphql-guru/express-server
45 verbose cwd /home/ninja/work/projects/guru/express
46 error Linux 4.12.3-1-ARCH
47 error argv "/home/ninja/n/bin/node" "/home/ninja/n/bin/npm" "publish" "--access" "public"
48 error node v6.11.2
49 error npm  v3.10.10
50 error code E403
51 error "You cannot publish over the previously published version 0.0.5." : @graphql-guru/express-server
52 error If you need help, you may report this error at:
52 error     <https://github.com/npm/npm/issues>
53 verbose exit [ 1, true ]
